starting worker for localhost:11372 
Type: EXEC 
Type: EXEC 
Type: EXEC 
Loading required package: ggplot2
Loading required package: lattice

Attaching package: ‘dplyr’

The following objects are masked from ‘package:stats’:

    filter, lag

The following objects are masked from ‘package:base’:

    intersect, setdiff, setequal, union

Loading required package: MASS

Attaching package: ‘MASS’

The following object is masked from ‘package:dplyr’:

    select

Loading required package: survival

Attaching package: ‘survival’

The following object is masked from ‘package:caret’:

    cluster


Attaching package: ‘lubridate’

The following objects are masked from ‘package:base’:

    date, intersect, setdiff, union

Loading required package: nlme

Attaching package: ‘nlme’

The following object is masked from ‘package:dplyr’:

    collapse

This is mgcv 1.9-0. For overview type 'help("mgcv-package")'.

Attaching package: ‘mgcv’

The following object is masked from ‘package:futile.logger’:

    scat


Attaching package: ‘purrr’

The following object is masked from ‘package:magrittr’:

    set_names

The following object is masked from ‘package:caret’:

    lift

The legacy packages maptools, rgdal, and rgeos, underpinning the sp package,
which was just loaded, will retire in October 2023.
Please refer to R-spatial evolution reports for details, especially
https://r-spatial.org/r/2023/05/15/evolution4.html.
It may be desirable to make the sf package available;
package maintainers should consider adding sf to Suggests:.
The sp package is now running under evolution status 2
     (status 2 uses the sf package in place of rgdal)
# Package SPEI (1.8.1) loaded [try SPEINews()].

Attaching package: ‘yardstick’

The following objects are masked from ‘package:caret’:

    precision, recall, sensitivity, specificity

Loading required package: foreach

Attaching package: ‘foreach’

The following objects are masked from ‘package:purrr’:

    accumulate, when

Loading required package: iterators

Attaching package: ‘parallel’

The following objects are masked from ‘package:snow’:

    clusterApply, clusterApplyLB, clusterCall, clusterEvalQ,
    clusterExport, clusterMap, clusterSplit, makeCluster, parApply,
    parCapply, parLapply, parRapply, parSapply, splitIndices,
    stopCluster


Attaching package: ‘data.table’

The following object is masked from ‘package:purrr’:

    transpose

The following objects are masked from ‘package:lubridate’:

    hour, isoweek, mday, minute, month, quarter, second, wday, week,
    yday, year

The following objects are masked from ‘package:dplyr’:

    between, first, last

Linking to GEOS 3.11.0, GDAL 3.5.3, PROJ 9.1.0; sf_use_s2() is TRUE
Type: DONE 
[using universal kriging]
[using universal kriging]
[using universal kriging]
[using universal kriging]
[using universal kriging]
[using universal kriging]
[using universal kriging]
[using universal kriging]
[using universal kriging]
[using universal kriging]
[using universal kriging]
[using universal kriging]
[using universal kriging]
[using universal kriging]
[using universal kriging]
[using universal kriging]
[using universal kriging]
[using universal kriging]
[using universal kriging]
[using universal kriging]
[using universal kriging]
[using universal kriging]
[using universal kriging]
[using universal kriging]
[using universal kriging]
[using universal kriging]
[using universal kriging]
[using universal kriging]
[using universal kriging]
[using universal kriging]
[using universal kriging]
[using universal kriging]
[using universal kriging]
[using universal kriging]
[using universal kriging]
[using universal kriging]
[using universal kriging]
[using universal kriging]
[using universal kriging]
[using universal kriging]
[using universal kriging]
[using universal kriging]
[using universal kriging]
[using universal kriging]
[using universal kriging]
[using universal kriging]
[using universal kriging]
[using universal kriging]
[using universal kriging]
[using universal kriging]
[using universal kriging]
[using universal kriging]
[using universal kriging]
[using universal kriging]
[using universal kriging]
[using universal kriging]
[using universal kriging]
[using universal kriging]
[using universal kriging]
[using universal kriging]
[using universal kriging]
[using universal kriging]
[using universal kriging]
[using universal kriging]
[using universal kriging]
[using universal kriging]
[using universal kriging]
[using universal kriging]
[using universal kriging]
[using universal kriging]
[using universal kriging]
[using universal kriging]
[using universal kriging]
[using universal kriging]
[using universal kriging]
[using universal kriging]
[using universal kriging]
[using universal kriging]
[using universal kriging]
[using universal kriging]
[using universal kriging]
[using universal kriging]
[using universal kriging]
[using universal kriging]
[using universal kriging]
[using universal kriging]
[using universal kriging]
[using universal kriging]
[using universal kriging]
[using universal kriging]
[using universal kriging]
[using universal kriging]
[using universal kriging]
[using universal kriging]
[using universal kriging]
[using universal kriging]
[using universal kriging]
[using universal kriging]
[using universal kriging]
[using universal kriging]
[using universal kriging]
[using universal kriging]
[using universal kriging]
[using universal kriging]
[using universal kriging]
[using universal kriging]
[using universal kriging]
[using universal kriging]
[using universal kriging]
[using universal kriging]
[using universal kriging]
[using universal kriging]
[using universal kriging]
[using universal kriging]
[using universal kriging]
[using universal kriging]
[using universal kriging]
[using universal kriging]
[using universal kriging]
[using universal kriging]
[using universal kriging]
[using universal kriging]
[using universal kriging]
[using universal kriging]
[using universal kriging]
[using universal kriging]
[using universal kriging]
[using universal kriging]
[using universal kriging]
[using universal kriging]
[using universal kriging]
[using universal kriging]
[using universal kriging]
[using universal kriging]
[using universal kriging]
[using universal kriging]
[using universal kriging]
[using universal kriging]
[using universal kriging]
[using universal kriging]
[using universal kriging]
[using universal kriging]
[using universal kriging]
[using universal kriging]
[using universal kriging]
[using universal kriging]
[using universal kriging]
[using universal kriging]
[using universal kriging]
[using universal kriging]
[using universal kriging]
[using universal kriging]
[using universal kriging]
[using universal kriging]
[using universal kriging]
[using universal kriging]
[using universal kriging]
[using universal kriging]
[using universal kriging]
[using universal kriging]
[using universal kriging]
[using universal kriging]
[using universal kriging]
[using universal kriging]
[using universal kriging]
[using universal kriging]
[using universal kriging]
[using universal kriging]
[using universal kriging]
[using universal kriging]
[using universal kriging]
[using universal kriging]
[using universal kriging]
[using universal kriging]
[using universal kriging]
[using universal kriging]
[using universal kriging]
[using universal kriging]
[using universal kriging]
[using universal kriging]
[using universal kriging]
[using universal kriging]
[using universal kriging]
[using universal kriging]
[using universal kriging]
[using universal kriging]
[using universal kriging]
[using universal kriging]
[using universal kriging]
[using universal kriging]
[using universal kriging]
[using universal kriging]
[using universal kriging]
[using universal kriging]
[using universal kriging]
[using universal kriging]
[using universal kriging]
[using universal kriging]
[using universal kriging]
[using universal kriging]
[using universal kriging]
[using universal kriging]
[using universal kriging]
[using universal kriging]
[using universal kriging]
[using universal kriging]
[using universal kriging]
[using universal kriging]
[using universal kriging]
[using universal kriging]
[using universal kriging]
[using universal kriging]
[using universal kriging]
[using universal kriging]
[using universal kriging]
[using universal kriging]
[using universal kriging]
[using universal kriging]
[using universal kriging]
[using universal kriging]
[using universal kriging]
[using universal kriging]
[using universal kriging]
[using universal kriging]
[using universal kriging]
[using universal kriging]
[using universal kriging]
[using universal kriging]
[using universal kriging]
[using universal kriging]
[using universal kriging]
[using universal kriging]
[using universal kriging]
[using universal kriging]
[using universal kriging]
[using universal kriging]
[using universal kriging]
[using universal kriging]
[using universal kriging]
[using universal kriging]
[using universal kriging]
[using universal kriging]
[using universal kriging]
[using universal kriging]
[using universal kriging]
[using universal kriging]
[using universal kriging]
[using universal kriging]
[using universal kriging]
[using universal kriging]
[using universal kriging]
[using universal kriging]
[using universal kriging]
[using universal kriging]
[using universal kriging]
[using universal kriging]
[using universal kriging]
[using universal kriging]
[using universal kriging]
[using universal kriging]
[using universal kriging]
[using universal kriging]
[using universal kriging]
[using universal kriging]
[using universal kriging]
[using universal kriging]
[using universal kriging]
[using universal kriging]
[using universal kriging]
[using universal kriging]
[using universal kriging]
[using universal kriging]
[using universal kriging]
[using universal kriging]
[using universal kriging]
[using universal kriging]
[using universal kriging]
[using universal kriging]
[using universal kriging]
[using universal kriging]
[using universal kriging]
[using universal kriging]
[using universal kriging]
[using universal kriging]
[using universal kriging]
[using universal kriging]
[using universal kriging]
[using universal kriging]
Type: DONE 
