[INFO] [2024-07-12 14:41:18] Iniciando script IdentificarEventos con PID 98694
[INFO] [2024-07-12 14:41:18] Buscando resultados del cálculo de índices de sequía, archivo: output/indices_sequia_bolsa.csv
[INFO] [2024-07-12 14:41:18] Buscando configuraciones para los índices a ser calculados, archivo: partial/configuraciones_indices_sequia_bolsa.csv
[INFO] [2024-07-12 14:41:18] Seleccionando configuraciones contempladas al calcular los índices de sequía
[INFO] [2024-07-12 14:41:18] Lectura del csv finalizada
[INFO] [2024-07-12 14:41:18] Obtener ubicaciones sobre las cuales iterar
[INFO] [2024-07-12 14:41:18] Obtención de ubicaciones a iterar finalizada
[INFO] [2024-07-12 14:41:24] Identificando Eventos
[INFO] [2024-07-12 14:41:36] * Identificando eventos secos para la ubicación con station_id = 30030 
[INFO] [2024-07-12 14:41:36] * Identificando eventos secos para la ubicación con station_id = 30014 
[INFO] [2024-07-12 14:41:36] * Identificando eventos secos para la ubicación con station_id = 30007 
[INFO] [2024-07-12 14:41:36] * Identificando eventos secos para la ubicación con station_id = 30032 
[INFO] [2024-07-12 14:41:36] * Identificando eventos secos para la ubicación con station_id = 30021 
[INFO] [2024-07-12 14:41:36] * Identificando eventos secos para la ubicación con station_id = 30031 
[INFO] [2024-07-12 14:41:36] * Identificando eventos secos para la ubicación con station_id = 30012 
[INFO] [2024-07-12 14:41:36] * Identificando eventos secos para la ubicación con station_id = 30015 
[INFO] [2024-07-12 14:41:37] * Identificando eventos humedos para la ubicación con station_id = 30031 
[INFO] [2024-07-12 14:41:37] * Identificando eventos humedos para la ubicación con station_id = 30032 
[INFO] [2024-07-12 14:41:37] * Identificando eventos humedos para la ubicación con station_id = 30015 
[INFO] [2024-07-12 14:41:37] * Identificando eventos humedos para la ubicación con station_id = 30030 
[INFO] [2024-07-12 14:41:37] * Identificando eventos humedos para la ubicación con station_id = 30007 
[INFO] [2024-07-12 14:41:37] * Identificando eventos humedos para la ubicación con station_id = 30021 
[INFO] [2024-07-12 14:41:37] * Identificando eventos humedos para la ubicación con station_id = 30012 
[INFO] [2024-07-12 14:41:37] * Identificando eventos humedos para la ubicación con station_id = 30014 
[INFO] [2024-07-12 14:41:38] * Identificando eventos secos para la ubicación con station_id = 30034 
[INFO] [2024-07-12 14:41:38] * Identificando eventos secos para la ubicación con station_id = 30035 
[INFO] [2024-07-12 14:41:38] * Identificando eventos secos para la ubicación con station_id = 30036 
[INFO] [2024-07-12 14:41:38] * Identificando eventos secos para la ubicación con station_id = 30040 
[INFO] [2024-07-12 14:41:38] * Identificando eventos secos para la ubicación con station_id = 30048 
[INFO] [2024-07-12 14:41:38] * Identificando eventos secos para la ubicación con station_id = 30076 
[INFO] [2024-07-12 14:41:38] * Identificando eventos secos para la ubicación con station_id = 30145 
[INFO] [2024-07-12 14:41:38] * Identificando eventos secos para la ubicación con station_id = 34006 
[INFO] [2024-07-12 14:41:38] * Identificando eventos humedos para la ubicación con station_id = 30035 
[INFO] [2024-07-12 14:41:38] * Identificando eventos humedos para la ubicación con station_id = 30034 
[INFO] [2024-07-12 14:41:38] * Identificando eventos humedos para la ubicación con station_id = 30040 
[INFO] [2024-07-12 14:41:38] * Identificando eventos humedos para la ubicación con station_id = 30036 
[INFO] [2024-07-12 14:41:39] * Identificando eventos humedos para la ubicación con station_id = 30048 
[INFO] [2024-07-12 14:41:39] * Identificando eventos humedos para la ubicación con station_id = 34006 
[INFO] [2024-07-12 14:41:39] * Identificando eventos humedos para la ubicación con station_id = 30076 
[INFO] [2024-07-12 14:41:39] * Identificando eventos humedos para la ubicación con station_id = 30145 
[INFO] [2024-07-12 14:41:39] * Identificando eventos secos para la ubicación con station_id = 34008 
[INFO] [2024-07-12 14:41:39] * Identificando eventos secos para la ubicación con station_id = 34011 
[INFO] [2024-07-12 14:41:39] * Identificando eventos secos para la ubicación con station_id = 34013 
[INFO] [2024-07-12 14:41:39] * Identificando eventos secos para la ubicación con station_id = 34021 
[INFO] [2024-07-12 14:41:39] * Identificando eventos secos para la ubicación con station_id = 34027 
[INFO] [2024-07-12 14:41:39] * Identificando eventos secos para la ubicación con station_id = 34028 
[INFO] [2024-07-12 14:41:39] * Identificando eventos secos para la ubicación con station_id = 34030 
[INFO] [2024-07-12 14:41:39] * Identificando eventos secos para la ubicación con station_id = 34031 
[INFO] [2024-07-12 14:41:39] * Identificando eventos humedos para la ubicación con station_id = 34011 
[INFO] [2024-07-12 14:41:39] * Identificando eventos humedos para la ubicación con station_id = 34008 
[INFO] [2024-07-12 14:41:40] * Identificando eventos humedos para la ubicación con station_id = 34027 
[INFO] [2024-07-12 14:41:40] * Identificando eventos humedos para la ubicación con station_id = 34021 
[INFO] [2024-07-12 14:41:40] * Identificando eventos humedos para la ubicación con station_id = 34013 
[INFO] [2024-07-12 14:41:40] * Identificando eventos humedos para la ubicación con station_id = 34028 
[INFO] [2024-07-12 14:41:40] * Identificando eventos humedos para la ubicación con station_id = 34030 
[INFO] [2024-07-12 14:41:40] * Identificando eventos humedos para la ubicación con station_id = 34031 
[INFO] [2024-07-12 14:41:40] * Identificando eventos secos para la ubicación con station_id = 34045 
[INFO] [2024-07-12 14:41:40] * Identificando eventos secos para la ubicación con station_id = 34046 
[INFO] [2024-07-12 14:41:40] * Identificando eventos secos para la ubicación con station_id = 34061 
[INFO] [2024-07-12 14:41:40] * Identificando eventos secos para la ubicación con station_id = 34063 
[INFO] [2024-07-12 14:41:40] * Identificando eventos secos para la ubicación con station_id = 34071 
[INFO] [2024-07-12 14:41:40] * Identificando eventos secos para la ubicación con station_id = 34074 
[INFO] [2024-07-12 14:41:40] * Identificando eventos secos para la ubicación con station_id = 34079 
[INFO] [2024-07-12 14:41:40] * Identificando eventos secos para la ubicación con station_id = 34086 
[INFO] [2024-07-12 14:41:41] * Identificando eventos humedos para la ubicación con station_id = 34045 
[INFO] [2024-07-12 14:41:41] * Identificando eventos humedos para la ubicación con station_id = 34061 
[INFO] [2024-07-12 14:41:41] * Identificando eventos humedos para la ubicación con station_id = 34063 
[INFO] [2024-07-12 14:41:41] * Identificando eventos humedos para la ubicación con station_id = 34046 
[INFO] [2024-07-12 14:41:41] * Identificando eventos humedos para la ubicación con station_id = 34071 
[INFO] [2024-07-12 14:41:41] * Identificando eventos humedos para la ubicación con station_id = 34079 
[INFO] [2024-07-12 14:41:41] * Identificando eventos humedos para la ubicación con station_id = 34086 
[INFO] [2024-07-12 14:41:41] * Identificando eventos humedos para la ubicación con station_id = 34074 
[INFO] [2024-07-12 14:41:41] * Identificando eventos secos para la ubicación con station_id = 34089 
[INFO] [2024-07-12 14:41:41] * Identificando eventos secos para la ubicación con station_id = 34103 
[INFO] [2024-07-12 14:41:41] * Identificando eventos secos para la ubicación con station_id = 34104 
[INFO] [2024-07-12 14:41:41] * Identificando eventos secos para la ubicación con station_id = 34105 
[INFO] [2024-07-12 14:41:41] * Identificando eventos secos para la ubicación con station_id = 34106 
[INFO] [2024-07-12 14:41:41] * Identificando eventos secos para la ubicación con station_id = 34107 
[INFO] [2024-07-12 14:41:41] * Identificando eventos secos para la ubicación con station_id = 34108 
[INFO] [2024-07-12 14:41:41] * Identificando eventos secos para la ubicación con station_id = 34109 
[INFO] [2024-07-12 14:41:42] * Identificando eventos humedos para la ubicación con station_id = 34089 
[INFO] [2024-07-12 14:41:42] * Identificando eventos humedos para la ubicación con station_id = 34106 
[INFO] [2024-07-12 14:41:42] * Identificando eventos humedos para la ubicación con station_id = 34103 
[INFO] [2024-07-12 14:41:42] * Identificando eventos humedos para la ubicación con station_id = 34104 
[INFO] [2024-07-12 14:41:42] * Identificando eventos humedos para la ubicación con station_id = 34105 
[INFO] [2024-07-12 14:41:42] * Identificando eventos humedos para la ubicación con station_id = 34107 
[INFO] [2024-07-12 14:41:42] * Identificando eventos humedos para la ubicación con station_id = 34109 
[INFO] [2024-07-12 14:41:42] * Identificando eventos humedos para la ubicación con station_id = 34108 
[INFO] [2024-07-12 14:41:42] * Identificando eventos secos para la ubicación con station_id = 34110 
[INFO] [2024-07-12 14:41:42] * Identificando eventos secos para la ubicación con station_id = 34111 
[INFO] [2024-07-12 14:41:42] * Identificando eventos secos para la ubicación con station_id = 34112 
[INFO] [2024-07-12 14:41:42] * Identificando eventos secos para la ubicación con station_id = 34113 
[INFO] [2024-07-12 14:41:42] * Identificando eventos secos para la ubicación con station_id = 34114 
[INFO] [2024-07-12 14:41:43] * Identificando eventos secos para la ubicación con station_id = 34115 
[INFO] [2024-07-12 14:41:43] * Identificando eventos secos para la ubicación con station_id = 34116 
[INFO] [2024-07-12 14:41:43] * Identificando eventos secos para la ubicación con station_id = 34117 
[INFO] [2024-07-12 14:41:43] * Identificando eventos humedos para la ubicación con station_id = 34111 
[INFO] [2024-07-12 14:41:43] * Identificando eventos humedos para la ubicación con station_id = 34110 
[INFO] [2024-07-12 14:41:43] * Identificando eventos humedos para la ubicación con station_id = 34114 
[INFO] [2024-07-12 14:41:43] * Identificando eventos humedos para la ubicación con station_id = 34113 
[INFO] [2024-07-12 14:41:43] * Identificando eventos humedos para la ubicación con station_id = 34112 
[INFO] [2024-07-12 14:41:43] * Identificando eventos humedos para la ubicación con station_id = 34115 
[INFO] [2024-07-12 14:41:43] * Identificando eventos humedos para la ubicación con station_id = 34117 
[INFO] [2024-07-12 14:41:43] * Identificando eventos humedos para la ubicación con station_id = 34116 
[INFO] [2024-07-12 14:41:44] * Identificando eventos secos para la ubicación con station_id = 34118 
[INFO] [2024-07-12 14:41:44] * Identificando eventos secos para la ubicación con station_id = 94001 
[INFO] [2024-07-12 14:41:44] * Identificando eventos secos para la ubicación con station_id = 94002 
[INFO] [2024-07-12 14:41:44] * Identificando eventos secos para la ubicación con station_id = 94003 
[INFO] [2024-07-12 14:41:44] * Identificando eventos secos para la ubicación con station_id = 94004 
[INFO] [2024-07-12 14:41:44] * Identificando eventos secos para la ubicación con station_id = 94005 
[INFO] [2024-07-12 14:41:44] * Identificando eventos secos para la ubicación con station_id = 94006 
[INFO] [2024-07-12 14:41:44] * Identificando eventos secos para la ubicación con station_id = 94007 
[INFO] [2024-07-12 14:41:44] * Identificando eventos humedos para la ubicación con station_id = 34118 
[INFO] [2024-07-12 14:41:44] * Identificando eventos humedos para la ubicación con station_id = 94003 
[INFO] [2024-07-12 14:41:44] * Identificando eventos humedos para la ubicación con station_id = 94001 
[INFO] [2024-07-12 14:41:44] * Identificando eventos humedos para la ubicación con station_id = 94002 
[INFO] [2024-07-12 14:41:44] * Identificando eventos humedos para la ubicación con station_id = 94004 
[INFO] [2024-07-12 14:41:44] * Identificando eventos humedos para la ubicación con station_id = 94005 
[INFO] [2024-07-12 14:41:45] * Identificando eventos humedos para la ubicación con station_id = 94007 
[INFO] [2024-07-12 14:41:45] * Identificando eventos humedos para la ubicación con station_id = 94006 
[INFO] [2024-07-12 14:41:45] * Identificando eventos secos para la ubicación con station_id = 94008 
[INFO] [2024-07-12 14:41:45] * Identificando eventos secos para la ubicación con station_id = 94009 
[INFO] [2024-07-12 14:41:45] * Identificando eventos secos para la ubicación con station_id = 94010 
[INFO] [2024-07-12 14:41:45] * Identificando eventos secos para la ubicación con station_id = 94012 
[INFO] [2024-07-12 14:41:45] * Identificando eventos secos para la ubicación con station_id = 94013 
[INFO] [2024-07-12 14:41:45] * Identificando eventos secos para la ubicación con station_id = 94014 
[INFO] [2024-07-12 14:41:45] * Identificando eventos secos para la ubicación con station_id = 94015 
[INFO] [2024-07-12 14:41:45] * Identificando eventos secos para la ubicación con station_id = 94016 
[INFO] [2024-07-12 14:41:45] * Identificando eventos humedos para la ubicación con station_id = 94008 
[INFO] [2024-07-12 14:41:45] * Identificando eventos humedos para la ubicación con station_id = 94010 
[INFO] [2024-07-12 14:41:45] * Identificando eventos humedos para la ubicación con station_id = 94009 
[INFO] [2024-07-12 14:41:45] * Identificando eventos humedos para la ubicación con station_id = 94012 
[INFO] [2024-07-12 14:41:46] * Identificando eventos humedos para la ubicación con station_id = 94014 
[INFO] [2024-07-12 14:41:46] * Identificando eventos humedos para la ubicación con station_id = 94013 
[INFO] [2024-07-12 14:41:46] * Identificando eventos humedos para la ubicación con station_id = 94015 
[INFO] [2024-07-12 14:41:46] * Identificando eventos humedos para la ubicación con station_id = 94016 
[INFO] [2024-07-12 14:41:46] * Identificando eventos secos para la ubicación con station_id = 94017 
[INFO] [2024-07-12 14:41:46] * Identificando eventos secos para la ubicación con station_id = 94018 
[INFO] [2024-07-12 14:41:46] * Identificando eventos secos para la ubicación con station_id = 94019 
[INFO] [2024-07-12 14:41:46] * Identificando eventos secos para la ubicación con station_id = 94020 
[INFO] [2024-07-12 14:41:46] * Identificando eventos secos para la ubicación con station_id = 94021 
[INFO] [2024-07-12 14:41:46] * Identificando eventos secos para la ubicación con station_id = 94022 
[INFO] [2024-07-12 14:41:46] * Identificando eventos secos para la ubicación con station_id = 94023 
[INFO] [2024-07-12 14:41:46] * Identificando eventos secos para la ubicación con station_id = 94024 
[INFO] [2024-07-12 14:41:47] * Identificando eventos humedos para la ubicación con station_id = 94018 
[INFO] [2024-07-12 14:41:47] * Identificando eventos humedos para la ubicación con station_id = 94017 
[INFO] [2024-07-12 14:41:47] * Identificando eventos humedos para la ubicación con station_id = 94019 
[INFO] [2024-07-12 14:41:47] * Identificando eventos humedos para la ubicación con station_id = 94020 
[INFO] [2024-07-12 14:41:47] * Identificando eventos humedos para la ubicación con station_id = 94022 
[INFO] [2024-07-12 14:41:47] * Identificando eventos humedos para la ubicación con station_id = 94021 
[INFO] [2024-07-12 14:41:47] * Identificando eventos humedos para la ubicación con station_id = 94023 
[INFO] [2024-07-12 14:41:47] * Identificando eventos humedos para la ubicación con station_id = 94024 
[INFO] [2024-07-12 14:41:47] * Identificando eventos secos para la ubicación con station_id = 94025 
[INFO] [2024-07-12 14:41:47] * Identificando eventos secos para la ubicación con station_id = 94026 
[INFO] [2024-07-12 14:41:47] * Identificando eventos secos para la ubicación con station_id = 94027 
[INFO] [2024-07-12 14:41:47] * Identificando eventos secos para la ubicación con station_id = 94028 
[INFO] [2024-07-12 14:41:47] * Identificando eventos secos para la ubicación con station_id = 94029 
[INFO] [2024-07-12 14:41:48] * Identificando eventos secos para la ubicación con station_id = 94030 
[INFO] [2024-07-12 14:41:48] * Identificando eventos secos para la ubicación con station_id = 94031 
[INFO] [2024-07-12 14:41:48] * Identificando eventos humedos para la ubicación con station_id = 94025 
[INFO] [2024-07-12 14:41:48] * Identificando eventos secos para la ubicación con station_id = 94032 
[INFO] [2024-07-12 14:41:48] * Identificando eventos humedos para la ubicación con station_id = 94027 
[INFO] [2024-07-12 14:41:48] * Identificando eventos humedos para la ubicación con station_id = 94026 
[INFO] [2024-07-12 14:41:48] * Identificando eventos humedos para la ubicación con station_id = 94028 
[INFO] [2024-07-12 14:41:48] * Identificando eventos humedos para la ubicación con station_id = 94029 
[INFO] [2024-07-12 14:41:48] * Identificando eventos humedos para la ubicación con station_id = 94030 
[INFO] [2024-07-12 14:41:48] * Identificando eventos humedos para la ubicación con station_id = 94032 
[INFO] [2024-07-12 14:41:48] * Identificando eventos humedos para la ubicación con station_id = 94031 
[INFO] [2024-07-12 14:41:48] * Identificando eventos secos para la ubicación con station_id = 94033 
[INFO] [2024-07-12 14:41:49] * Identificando eventos secos para la ubicación con station_id = 94036 
[INFO] [2024-07-12 14:41:49] * Identificando eventos secos para la ubicación con station_id = 94034 
[INFO] [2024-07-12 14:41:49] * Identificando eventos secos para la ubicación con station_id = 94037 
[INFO] [2024-07-12 14:41:49] * Identificando eventos secos para la ubicación con station_id = 94038 
[INFO] [2024-07-12 14:41:49] * Identificando eventos secos para la ubicación con station_id = 94039 
[INFO] [2024-07-12 14:41:49] * Identificando eventos secos para la ubicación con station_id = 94040 
[INFO] [2024-07-12 14:41:49] * Identificando eventos secos para la ubicación con station_id = 94041 
[INFO] [2024-07-12 14:41:49] * Identificando eventos humedos para la ubicación con station_id = 94033 
[INFO] [2024-07-12 14:41:49] * Identificando eventos humedos para la ubicación con station_id = 94036 
[INFO] [2024-07-12 14:41:49] * Identificando eventos humedos para la ubicación con station_id = 94034 
[INFO] [2024-07-12 14:41:49] * Identificando eventos humedos para la ubicación con station_id = 94037 
[INFO] [2024-07-12 14:41:49] * Identificando eventos humedos para la ubicación con station_id = 94038 
[INFO] [2024-07-12 14:41:49] * Identificando eventos humedos para la ubicación con station_id = 94040 
[INFO] [2024-07-12 14:41:49] * Identificando eventos humedos para la ubicación con station_id = 94039 
[INFO] [2024-07-12 14:41:50] * Identificando eventos humedos para la ubicación con station_id = 94041 
[INFO] [2024-07-12 14:41:50] * Identificando eventos secos para la ubicación con station_id = 94042 
[INFO] [2024-07-12 14:41:50] * Identificando eventos secos para la ubicación con station_id = 94043 
[INFO] [2024-07-12 14:41:50] * Identificando eventos secos para la ubicación con station_id = 94044 
[INFO] [2024-07-12 14:41:50] * Identificando eventos secos para la ubicación con station_id = 94046 
[INFO] [2024-07-12 14:41:50] * Identificando eventos secos para la ubicación con station_id = 94047 
[INFO] [2024-07-12 14:41:50] * Identificando eventos secos para la ubicación con station_id = 94048 
[INFO] [2024-07-12 14:41:50] * Identificando eventos secos para la ubicación con station_id = 94049 
[INFO] [2024-07-12 14:41:50] * Identificando eventos secos para la ubicación con station_id = 94050 
[INFO] [2024-07-12 14:41:50] * Identificando eventos humedos para la ubicación con station_id = 94042 
[INFO] [2024-07-12 14:41:50] * Identificando eventos humedos para la ubicación con station_id = 94043 
[INFO] [2024-07-12 14:41:50] * Identificando eventos humedos para la ubicación con station_id = 94044 
[INFO] [2024-07-12 14:41:51] * Identificando eventos humedos para la ubicación con station_id = 94046 
[INFO] [2024-07-12 14:41:51] * Identificando eventos humedos para la ubicación con station_id = 94047 
[INFO] [2024-07-12 14:41:51] * Identificando eventos humedos para la ubicación con station_id = 94049 
[INFO] [2024-07-12 14:41:51] * Identificando eventos humedos para la ubicación con station_id = 94048 
[INFO] [2024-07-12 14:41:51] * Identificando eventos humedos para la ubicación con station_id = 94050 
[INFO] [2024-07-12 14:41:51] * Identificando eventos secos para la ubicación con station_id = 94051 
[INFO] [2024-07-12 14:41:51] * Identificando eventos secos para la ubicación con station_id = 94052 
[INFO] [2024-07-12 14:41:51] * Identificando eventos secos para la ubicación con station_id = 94053 
[INFO] [2024-07-12 14:41:51] * Identificando eventos secos para la ubicación con station_id = 94055 
[INFO] [2024-07-12 14:41:51] * Identificando eventos secos para la ubicación con station_id = 94056 
[INFO] [2024-07-12 14:41:51] * Identificando eventos secos para la ubicación con station_id = 94057 
[INFO] [2024-07-12 14:41:51] * Identificando eventos secos para la ubicación con station_id = 94058 
[INFO] [2024-07-12 14:41:51] * Identificando eventos secos para la ubicación con station_id = 94059 
[INFO] [2024-07-12 14:41:52] * Identificando eventos humedos para la ubicación con station_id = 94051 
[INFO] [2024-07-12 14:41:52] * Identificando eventos humedos para la ubicación con station_id = 94052 
[INFO] [2024-07-12 14:41:52] * Identificando eventos humedos para la ubicación con station_id = 94053 
[INFO] [2024-07-12 14:41:52] * Identificando eventos humedos para la ubicación con station_id = 94055 
[INFO] [2024-07-12 14:41:52] * Identificando eventos humedos para la ubicación con station_id = 94056 
[INFO] [2024-07-12 14:41:52] * Identificando eventos humedos para la ubicación con station_id = 94057 
[INFO] [2024-07-12 14:41:52] * Identificando eventos humedos para la ubicación con station_id = 94058 
[INFO] [2024-07-12 14:41:52] * Identificando eventos humedos para la ubicación con station_id = 94059 
[INFO] [2024-07-12 14:41:52] * Identificando eventos secos para la ubicación con station_id = 94060 
[INFO] [2024-07-12 14:41:52] * Identificando eventos secos para la ubicación con station_id = 94061 
[INFO] [2024-07-12 14:41:52] * Identificando eventos secos para la ubicación con station_id = 94062 
[INFO] [2024-07-12 14:41:52] * Identificando eventos secos para la ubicación con station_id = 94063 
[INFO] [2024-07-12 14:41:52] * Identificando eventos secos para la ubicación con station_id = 94064 
[INFO] [2024-07-12 14:41:52] * Identificando eventos secos para la ubicación con station_id = 94066 
[INFO] [2024-07-12 14:41:52] * Identificando eventos secos para la ubicación con station_id = 94067 
[INFO] [2024-07-12 14:41:52] * Identificando eventos humedos para la ubicación con station_id = 94061 
[INFO] [2024-07-12 14:41:52] * Identificando eventos secos para la ubicación con station_id = 94068 
[INFO] [2024-07-12 14:41:52] * Identificando eventos humedos para la ubicación con station_id = 94060 
[INFO] [2024-07-12 14:41:52] * Identificando eventos humedos para la ubicación con station_id = 94062 
[INFO] [2024-07-12 14:41:53] * Identificando eventos humedos para la ubicación con station_id = 94063 
[INFO] [2024-07-12 14:41:53] * Identificando eventos humedos para la ubicación con station_id = 94066 
[INFO] [2024-07-12 14:41:53] * Identificando eventos humedos para la ubicación con station_id = 94064 
[INFO] [2024-07-12 14:41:53] * Identificando eventos humedos para la ubicación con station_id = 94067 
[INFO] [2024-07-12 14:41:53] * Identificando eventos secos para la ubicación con station_id = 94069 
[INFO] [2024-07-12 14:41:53] * Identificando eventos secos para la ubicación con station_id = 94070 
[INFO] [2024-07-12 14:41:53] * Identificando eventos secos para la ubicación con station_id = 94071 
[INFO] [2024-07-12 14:41:53] * Identificando eventos humedos para la ubicación con station_id = 94068 
[INFO] [2024-07-12 14:41:53] * Identificando eventos secos para la ubicación con station_id = 94072 
[INFO] [2024-07-12 14:41:53] * Identificando eventos secos para la ubicación con station_id = 94073 
[INFO] [2024-07-12 14:41:53] * Identificando eventos secos para la ubicación con station_id = 94074 
[INFO] [2024-07-12 14:41:53] * Identificando eventos secos para la ubicación con station_id = 94075 
[INFO] [2024-07-12 14:41:53] * Identificando eventos humedos para la ubicación con station_id = 94069 
[INFO] [2024-07-12 14:41:53] * Identificando eventos humedos para la ubicación con station_id = 94070 
[INFO] [2024-07-12 14:41:53] * Identificando eventos secos para la ubicación con station_id = 94077 
[INFO] [2024-07-12 14:41:53] * Identificando eventos humedos para la ubicación con station_id = 94071 
[INFO] [2024-07-12 14:41:54] * Identificando eventos humedos para la ubicación con station_id = 94072 
[INFO] [2024-07-12 14:41:54] * Identificando eventos humedos para la ubicación con station_id = 94073 
[INFO] [2024-07-12 14:41:54] * Identificando eventos humedos para la ubicación con station_id = 94074 
[INFO] [2024-07-12 14:41:54] * Identificando eventos humedos para la ubicación con station_id = 94075 
[INFO] [2024-07-12 14:41:54] * Identificando eventos secos para la ubicación con station_id = 94078 
[INFO] [2024-07-12 14:41:54] * Identificando eventos secos para la ubicación con station_id = 94079 
[INFO] [2024-07-12 14:41:54] * Identificando eventos humedos para la ubicación con station_id = 94077 
[INFO] [2024-07-12 14:41:54] * Identificando eventos secos para la ubicación con station_id = 94080 
[INFO] [2024-07-12 14:41:54] * Identificando eventos secos para la ubicación con station_id = 94081 
[INFO] [2024-07-12 14:41:54] * Identificando eventos secos para la ubicación con station_id = 94082 
[INFO] [2024-07-12 14:41:54] * Identificando eventos secos para la ubicación con station_id = 94083 
[INFO] [2024-07-12 14:41:54] * Identificando eventos secos para la ubicación con station_id = 94084 
[INFO] [2024-07-12 14:41:54] * Identificando eventos humedos para la ubicación con station_id = 94078 
[INFO] [2024-07-12 14:41:54] * Identificando eventos secos para la ubicación con station_id = 94085 
[INFO] [2024-07-12 14:41:54] * Identificando eventos humedos para la ubicación con station_id = 94079 
[INFO] [2024-07-12 14:41:54] * Identificando eventos humedos para la ubicación con station_id = 94080 
[INFO] [2024-07-12 14:41:55] * Identificando eventos humedos para la ubicación con station_id = 94081 
[INFO] [2024-07-12 14:41:55] * Identificando eventos humedos para la ubicación con station_id = 94082 
[INFO] [2024-07-12 14:41:55] * Identificando eventos humedos para la ubicación con station_id = 94084 
[INFO] [2024-07-12 14:41:55] * Identificando eventos humedos para la ubicación con station_id = 94083 
[INFO] [2024-07-12 14:41:55] * Identificando eventos secos para la ubicación con station_id = 94086 
[INFO] [2024-07-12 14:41:55] * Identificando eventos humedos para la ubicación con station_id = 94085 
[INFO] [2024-07-12 14:41:55] * Identificando eventos secos para la ubicación con station_id = 94087 
[INFO] [2024-07-12 14:41:55] * Identificando eventos secos para la ubicación con station_id = 94088 
[INFO] [2024-07-12 14:41:55] * Identificando eventos secos para la ubicación con station_id = 94090 
[INFO] [2024-07-12 14:41:55] * Identificando eventos secos para la ubicación con station_id = 94091 
[INFO] [2024-07-12 14:41:55] * Identificando eventos humedos para la ubicación con station_id = 94086 
[INFO] [2024-07-12 14:41:55] * Identificando eventos secos para la ubicación con station_id = 94092 
[INFO] [2024-07-12 14:41:55] * Identificando eventos secos para la ubicación con station_id = 94093 
[INFO] [2024-07-12 14:41:55] * Identificando eventos secos para la ubicación con station_id = 94095 
[INFO] [2024-07-12 14:41:55] * Identificando eventos humedos para la ubicación con station_id = 94087 
[INFO] [2024-07-12 14:41:55] * Identificando eventos humedos para la ubicación con station_id = 94088 
[INFO] [2024-07-12 14:41:55] * Identificando eventos humedos para la ubicación con station_id = 94090 
[INFO] [2024-07-12 14:41:56] * Identificando eventos humedos para la ubicación con station_id = 94091 
[INFO] [2024-07-12 14:41:56] * Identificando eventos humedos para la ubicación con station_id = 94092 
[INFO] [2024-07-12 14:41:56] * Identificando eventos humedos para la ubicación con station_id = 94093 
[INFO] [2024-07-12 14:41:56] * Identificando eventos secos para la ubicación con station_id = 94096 
[INFO] [2024-07-12 14:41:56] * Identificando eventos humedos para la ubicación con station_id = 94095 
[INFO] [2024-07-12 14:41:56] * Identificando eventos secos para la ubicación con station_id = 94097 
[INFO] [2024-07-12 14:41:56] * Identificando eventos secos para la ubicación con station_id = 94099 
[INFO] [2024-07-12 14:41:56] * Identificando eventos secos para la ubicación con station_id = 94100 
[INFO] [2024-07-12 14:41:56] * Identificando eventos secos para la ubicación con station_id = 94101 
[INFO] [2024-07-12 14:41:57] * Identificando eventos humedos para la ubicación con station_id = 94096 
[INFO] [2024-07-12 14:41:57] * Identificando eventos humedos para la ubicación con station_id = 94097 
[INFO] [2024-07-12 14:41:57] * Identificando eventos humedos para la ubicación con station_id = 94099 
[INFO] [2024-07-12 14:41:57] * Identificando eventos humedos para la ubicación con station_id = 94100 
[INFO] [2024-07-12 14:41:57] * Identificando eventos humedos para la ubicación con station_id = 94101 
[INFO] [2024-07-12 14:41:57] Guardando resultados en el archivo /Users/alessiobocco/Documents/GitHub/series_cortas/data/output/eventos_identificados_bolsa.csv
